This is LuaTeX, Version 0.95.0 (TeX Live 2016)  (format=lualatex 2016.7.12)  16 APR 2017 16:29
 restricted system commands enabled.
 file:line:error style messages enabled.
**tauDecays.tex
(./tauDecays.tex
LaTeX2e <2016/03/31> patch level 2
Babel <3.9r> and hyphenation patterns for 1 language(s) loaded.
./tauDecays.tex:1: Undefined control sequence.
l.1 \section
          {Tau Decays}\label{tauDecays}
? 
./tauDecays.tex:1: Emergency stop.
l.1 \section
          {Tau Decays}\label{tauDecays}
End of file on the terminal!



Here is how much of LuaTeX's memory you used:
 7 strings out of 495118
 100000,89155 words of node,token memory allocated 243 words of node memory still in use:
   1 dir, 2 glue, 32 glue_spec nodes
   avail lists: 2:12,3:1,4:1
 3673 multiletter control sequences out of 65536+600000
 14 fonts using 591559 bytes
 5i,0n,1p,52b,15s stack positions out of 5000i,500n,10000p,200000b,100000s
./tauDecays.tex:1:  ==> Fatal error occurred, no output PDF file produced!
