This is LuaTeX, Version 0.95.0 (TeX Live 2016)  (format=lualatex 2016.7.12)  20 APR 2017 11:20
 restricted system commands enabled.
 file:line:error style messages enabled.
**references.bib
(./references.bib
LaTeX2e <2016/03/31> patch level 2
Babel <3.9r> and hyphenation patterns for 1 language(s) loaded.

./references.bib:11: LaTeX Error: Missing \begin{document}.

See the LaTeX manual or LaTeX Companion for explanation.
Type  H <return>  for immediate help.
 ...                                              
                                                  
l.11 @
    Article{Jamin2008,
? 
./references.bib:11: Emergency stop.
 ...                                              
                                                  
l.11 @
    Article{Jamin2008,
You're in trouble here.  Try typing  <return>  to proceed.
If that doesn't work, type  X <return>  to quit.



Here is how much of LuaTeX's memory you used:
 8 strings out of 495118
 100000,89155 words of node,token memory allocated 267 words of node memory still in use:
   1 hlist, 1 local_par, 1 dir, 3 glue, 32 glue_spec, 1 temp nodes
   avail lists: 2:11,3:1,4:1,7:1
 3673 multiletter control sequences out of 65536+600000
 14 fonts using 591559 bytes
 5i,0n,4p,75b,15s stack positions out of 5000i,500n,10000p,200000b,100000s
./references.bib:11:  ==> Fatal error occurred, no output PDF file produced!
